TN:
SF:config.js
FNF:0
FNH:0
DA:1,1
LF:1
LH:1
BRDA:2,0,0,1
BRDA:2,0,1,1
BRDA:3,1,0,1
BRDA:3,1,1,1
BRDA:4,2,0,1
BRDA:4,2,1,1
BRDA:5,3,0,1
BRDA:5,3,1,1
BRDA:8,4,0,1
BRDA:8,4,1,1
BRDA:9,5,0,1
BRDA:9,5,1,1
BRDA:10,6,0,1
BRDA:10,6,1,1
BRDA:11,7,0,1
BRDA:11,7,1,1
BRDA:12,8,0,1
BRDA:12,8,1,1
BRDA:13,9,0,1
BRDA:13,9,1,1
BRF:20
BRH:20
end_of_record
TN:
SF:server.js
FN:66,(anonymous_0)
FN:76,(anonymous_1)
FN:92,(anonymous_2)
FN:100,(anonymous_3)
FN:110,(anonymous_4)
FNF:5
FNH:1
FNDA:0,(anonymous_0)
FNDA:0,(anonymous_1)
FNDA:0,(anonymous_2)
FNDA:0,(anonymous_3)
FNDA:1,(anonymous_4)
DA:1,1
DA:2,1
DA:3,1
DA:4,1
DA:5,1
DA:6,1
DA:9,1
DA:11,1
DA:14,1
DA:17,1
DA:18,1
DA:19,1
DA:22,1
DA:53,1
DA:56,1
DA:63,1
DA:66,1
DA:67,0
DA:76,1
DA:77,0
DA:92,1
DA:93,0
DA:100,1
DA:101,0
DA:102,0
DA:108,1
DA:110,1
DA:111,1
DA:112,1
DA:113,1
DA:116,1
LF:31
LH:26
BRF:0
BRH:0
end_of_record
TN:
SF:controllers/authController.js
FN:8,(anonymous_0)
FN:13,(anonymous_1)
FN:18,(anonymous_2)
FN:68,(anonymous_3)
FN:120,(anonymous_4)
FN:175,(anonymous_5)
FN:241,(anonymous_6)
FNF:7
FNH:7
FNDA:13,(anonymous_0)
FNDA:1,(anonymous_1)
FNDA:15,(anonymous_2)
FNDA:3,(anonymous_3)
FNDA:2,(anonymous_4)
FNDA:2,(anonymous_5)
FNDA:1,(anonymous_6)
DA:1,1
DA:2,1
DA:3,1
DA:4,1
DA:5,1
DA:8,1
DA:9,13
DA:13,1
DA:14,1
DA:18,1
DA:19,15
DA:20,15
DA:21,15
DA:22,2
DA:29,13
DA:32,13
DA:36,13
DA:37,1
DA:44,12
DA:45,12
DA:48,12
DA:50,12
DA:59,0
DA:60,0
DA:68,1
DA:69,3
DA:70,3
DA:71,3
DA:72,0
DA:79,3
DA:82,3
DA:83,3
DA:84,1
DA:91,2
DA:92,2
DA:93,1
DA:100,1
DA:102,1
DA:111,0
DA:112,0
DA:120,1
DA:121,2
DA:122,2
DA:123,2
DA:124,0
DA:131,2
DA:134,2
DA:135,2
DA:136,1
DA:143,1
DA:144,1
DA:147,1
DA:148,1
DA:149,1
DA:152,1
DA:154,1
DA:155,0
DA:161,1
DA:166,0
DA:167,0
DA:175,1
DA:176,2
DA:177,2
DA:178,2
DA:179,0
DA:186,2
DA:189,2
DA:190,2
DA:191,0
DA:198,2
DA:199,0
DA:206,2
DA:207,0
DA:214,2
DA:215,1
DA:222,1
DA:223,1
DA:224,1
DA:225,1
DA:227,1
DA:232,0
DA:233,0
DA:241,1
DA:242,1
DA:243,1
DA:251,0
DA:252,0
DA:259,1
LF:88
LH:71
BRDA:21,0,0,2
BRDA:21,0,1,13
BRDA:36,1,0,1
BRDA:36,1,1,12
BRDA:39,2,0,1
BRDA:39,2,1,0
BRDA:71,3,0,0
BRDA:71,3,1,3
BRDA:83,4,0,1
BRDA:83,4,1,2
BRDA:92,5,0,1
BRDA:92,5,1,1
BRDA:123,6,0,0
BRDA:123,6,1,2
BRDA:135,7,0,1
BRDA:135,7,1,1
BRDA:154,8,0,0
BRDA:154,8,1,1
BRDA:178,9,0,0
BRDA:178,9,1,2
BRDA:190,10,0,0
BRDA:190,10,1,2
BRDA:198,11,0,0
BRDA:198,11,1,2
BRDA:198,12,0,2
BRDA:198,12,1,2
BRDA:206,13,0,0
BRDA:206,13,1,2
BRDA:214,14,0,1
BRDA:214,14,1,1
BRF:30
BRH:22
end_of_record
TN:
SF:database/connection.js
FN:4,(anonymous_0)
FNF:1
FNH:1
FNDA:1,(anonymous_0)
DA:1,1
DA:2,1
DA:4,1
DA:5,1
DA:6,1
DA:11,1
DA:13,0
DA:14,0
DA:18,1
LF:9
LH:7
BRF:0
BRH:0
end_of_record
TN:
SF:middleware/auth.js
FN:5,(anonymous_0)
FNF:1
FNH:1
FNDA:3,(anonymous_0)
DA:1,1
DA:2,1
DA:3,1
DA:5,1
DA:6,3
DA:7,3
DA:9,3
DA:10,1
DA:16,2
DA:17,1
DA:19,1
DA:20,0
DA:26,1
DA:27,1
DA:29,1
DA:36,1
LF:16
LH:15
BRDA:9,0,0,1
BRDA:9,0,1,2
BRDA:19,1,0,0
BRDA:19,1,1,1
BRF:4
BRH:3
end_of_record
TN:
SF:middleware/validation.js
FNF:0
FNH:0
DA:1,1
DA:3,1
DA:23,1
DA:34,1
DA:41,1
DA:60,1
LF:6
LH:6
BRF:0
BRH:0
end_of_record
TN:
SF:models/User.js
FN:39,(anonymous_0)
FN:52,(anonymous_1)
FN:57,(anonymous_2)
FNF:3
FNH:3
FNDA:16,(anonymous_0)
FNDA:2,(anonymous_1)
FNDA:14,(anonymous_2)
DA:1,1
DA:2,1
DA:4,1
DA:39,1
DA:40,16
DA:42,13
DA:43,13
DA:44,13
DA:45,13
DA:47,0
DA:52,1
DA:53,2
DA:57,1
DA:58,14
DA:59,14
DA:60,14
DA:61,14
DA:62,14
DA:65,1
LF:19
LH:18
BRDA:40,0,0,3
BRDA:40,0,1,13
BRF:2
BRH:2
end_of_record
TN:
SF:routes/auth.js
FNF:0
FNH:0
DA:1,1
DA:2,1
DA:9,1
DA:15,1
DA:16,1
DA:119,1
DA:166,1
DA:213,1
DA:270,1
DA:304,1
DA:306,1
LF:11
LH:11
BRF:0
BRH:0
end_of_record
TN:
SF:services/emailService.js
FN:21,(anonymous_0)
FNF:1
FNH:1
FNDA:1,(anonymous_0)
DA:1,1
DA:2,1
DA:6,1
DA:7,1
DA:17,0
DA:18,0
DA:21,1
DA:22,1
DA:24,1
DA:25,1
DA:26,1
DA:29,0
DA:48,0
DA:49,0
DA:50,0
DA:52,0
DA:54,0
DA:55,0
DA:59,1
LF:19
LH:10
BRDA:24,0,0,1
BRDA:24,0,1,0
BRDA:24,1,0,1
BRDA:24,1,1,1
BRF:4
BRH:3
end_of_record
